2018-03-10 19:59:42 INFO Setting the origin to Moscow
2018-03-10 19:59:42 INFO Clicking in the origin field and clearing it
2018-03-10 19:59:42 INFO Sending Moscowas origin name
2018-03-10 19:59:42 INFO Waiting for the dropdown to appear
2018-03-10 19:59:42 INFO Choosing the origin and all airports
2018-03-10 19:59:43 INFO Setting the destination to Tokyo
2018-03-10 19:59:43 INFO Clicking in the destination field and clearing it
2018-03-10 19:59:43 INFO Sending Tokyoas destination name
2018-03-10 19:59:43 INFO Waiting for the dropdown to appear
2018-03-10 19:59:43 INFO Choosing the destination and all airports
2018-03-10 19:59:43 INFO Choosing the dates of departure and arrival
2018-03-10 19:59:43 INFO Clicking in the departure date field
2018-03-10 19:59:44 INFO Waiting for the date picker to appear
2018-03-10 19:59:44 INFO Searching for Octoberand selecting dates of departure and arrival
2018-03-10 19:59:44 INFO Clicking the next button until finding the searched month
2018-03-10 19:59:46 INFO Selecting the intended dates
2018-03-10 19:59:47 INFO Increasing the number of adults
2018-03-10 19:59:47 INFO Opening the form with the number of adults
2018-03-10 19:59:47 INFO Increasing the number of adults to 2
2018-03-10 19:59:47 INFO Closing the form
2018-03-10 19:59:47 INFO Submitting the form
2018-03-10 19:59:56 INFO Switching to the correct browser window
2018-03-10 19:59:56 INFO Waiting for page to load before returning the correct one
2018-03-10 19:59:56 INFO Waiting for the progress bar to disappear
2018-03-10 20:00:17 INFO Choosing non stop flights
2018-03-10 20:00:17 INFO Waiting for the search results page to load
2018-03-10 20:00:17 INFO Unchecking one stop checkbox
2018-03-10 20:00:18 INFO Unchecking two stops checkbox
2018-03-10 20:00:19 INFO Waiting for the page to update according to the chosen filters
2018-03-10 20:00:19 INFO Modifying flight duration
2018-03-10 20:00:19 INFO Modifying flight duration
2018-03-10 20:00:21 INFO Waiting for the page to update according to the chosen duration
2018-03-10 20:00:21 INFO Sorting the flight by cheapest
2018-03-10 20:00:22 INFO Opening sorting drop-down
2018-03-10 20:00:22 INFO Sorting the results by cheapest
2018-03-10 20:00:23 INFO Getting the cheapest flight in the results
